<?xml version="1.0" encoding="UTF-8"?>
<testng-results ignored="0" total="5" passed="5" failed="0" skipped="0">
  <reporter-output>
  </reporter-output>
  <suite started-at="2022-09-13T19:41:01 BDT" name="Login Functionality" finished-at="2022-09-13T19:43:09 BDT" duration-ms="127585">
    <groups>
    </groups>
    <test started-at="2022-09-13T19:41:01 BDT" name="Input Into valid Credentials" finished-at="2022-09-13T19:41:39 BDT" duration-ms="37548">
      <class name="loginFunctionality.TC001ValidCredentials">
        <test-method is-config="true" signature="setup()[pri:0, instance:loginFunctionality.TC001ValidCredentials@2abf4075]" started-at="2022-09-13T19:41:01 BDT" name="setup" finished-at="2022-09-13T19:41:26 BDT" duration-ms="25080" status="PASS">
          <reporter-output>
          </reporter-output>
        </test-method> <!-- setup -->
        <test-method signature="Input_Into_Valid_Credentials()[pri:0, instance:loginFunctionality.TC001ValidCredentials@2abf4075]" started-at="2022-09-13T19:41:26 BDT" name="Input_Into_Valid_Credentials" finished-at="2022-09-13T19:41:38 BDT" duration-ms="11914" status="PASS">
          <reporter-output>
          </reporter-output>
        </test-method> <!-- Input_Into_Valid_Credentials -->
        <test-method is-config="true" signature="teardown()[pri:0, instance:loginFunctionality.TC001ValidCredentials@2abf4075]" started-at="2022-09-13T19:41:38 BDT" name="teardown" finished-at="2022-09-13T19:41:39 BDT" duration-ms="516" status="PASS">
          <reporter-output>
          </reporter-output>
        </test-method> <!-- teardown -->
      </class> <!-- loginFunctionality.TC001ValidCredentials -->
    </test> <!-- Input Into valid Credentials -->
    <test started-at="2022-09-13T19:41:39 BDT" name="Input Into Invalid Credentials" finished-at="2022-09-13T19:42:02 BDT" duration-ms="22895">
      <class name="loginFunctionality.TC002InvalidCredentials">
        <test-method is-config="true" signature="setup()[pri:0, instance:loginFunctionality.TC002InvalidCredentials@4944252c]" started-at="2022-09-13T19:41:39 BDT" name="setup" finished-at="2022-09-13T19:41:50 BDT" duration-ms="11522" status="PASS">
          <reporter-output>
          </reporter-output>
        </test-method> <!-- setup -->
        <test-method signature="Login_Into_Invalid_Credentials()[pri:0, instance:loginFunctionality.TC002InvalidCredentials@4944252c]" started-at="2022-09-13T19:41:50 BDT" name="Login_Into_Invalid_Credentials" finished-at="2022-09-13T19:42:02 BDT" duration-ms="11365" status="PASS">
          <reporter-output>
          </reporter-output>
        </test-method> <!-- Login_Into_Invalid_Credentials -->
        <test-method is-config="true" signature="teardown()[pri:0, instance:loginFunctionality.TC002InvalidCredentials@4944252c]" started-at="2022-09-13T19:42:02 BDT" name="teardown" finished-at="2022-09-13T19:42:02 BDT" duration-ms="0" status="PASS">
          <reporter-output>
          </reporter-output>
        </test-method> <!-- teardown -->
      </class> <!-- loginFunctionality.TC002InvalidCredentials -->
    </test> <!-- Input Into Invalid Credentials -->
    <test started-at="2022-09-13T19:42:02 BDT" name="All Filed Are Blank" finished-at="2022-09-13T19:42:24 BDT" duration-ms="21815">
      <class name="loginFunctionality.TC003Blank">
        <test-method is-config="true" signature="setup()[pri:0, instance:loginFunctionality.TC003Blank@51dcb805]" started-at="2022-09-13T19:42:02 BDT" name="setup" finished-at="2022-09-13T19:42:13 BDT" duration-ms="11022" status="PASS">
          <reporter-output>
          </reporter-output>
        </test-method> <!-- setup -->
        <test-method signature="All_Field_Blank()[pri:0, instance:loginFunctionality.TC003Blank@51dcb805]" started-at="2022-09-13T19:42:13 BDT" name="All_Field_Blank" finished-at="2022-09-13T19:42:23 BDT" duration-ms="10343" status="PASS">
          <reporter-output>
          </reporter-output>
        </test-method> <!-- All_Field_Blank -->
        <test-method is-config="true" signature="teardown()[pri:0, instance:loginFunctionality.TC003Blank@51dcb805]" started-at="2022-09-13T19:42:23 BDT" name="teardown" finished-at="2022-09-13T19:42:24 BDT" duration-ms="438" status="PASS">
          <reporter-output>
          </reporter-output>
        </test-method> <!-- teardown -->
      </class> <!-- loginFunctionality.TC003Blank -->
    </test> <!-- All Filed Are Blank -->
    <test started-at="2022-09-13T19:42:24 BDT" name="Login Into Special Character" finished-at="2022-09-13T19:42:46 BDT" duration-ms="22594">
      <class name="loginFunctionality.TC004InputSpecialCharacter">
        <test-method is-config="true" signature="setup()[pri:0, instance:loginFunctionality.TC004InputSpecialCharacter@27ff5d15]" started-at="2022-09-13T19:42:24 BDT" name="setup" finished-at="2022-09-13T19:42:35 BDT" duration-ms="11653" status="PASS">
          <reporter-output>
          </reporter-output>
        </test-method> <!-- setup -->
        <test-method signature="Input_Special_Character()[pri:0, instance:loginFunctionality.TC004InputSpecialCharacter@27ff5d15]" started-at="2022-09-13T19:42:35 BDT" name="Input_Special_Character" finished-at="2022-09-13T19:42:46 BDT" duration-ms="10937" status="PASS">
          <reporter-output>
          </reporter-output>
        </test-method> <!-- Input_Special_Character -->
        <test-method is-config="true" signature="teardown()[pri:0, instance:loginFunctionality.TC004InputSpecialCharacter@27ff5d15]" started-at="2022-09-13T19:42:46 BDT" name="teardown" finished-at="2022-09-13T19:42:46 BDT" duration-ms="1" status="PASS">
          <reporter-output>
          </reporter-output>
        </test-method> <!-- teardown -->
      </class> <!-- loginFunctionality.TC004InputSpecialCharacter -->
    </test> <!-- Login Into Special Character -->
    <test started-at="2022-09-13T19:42:46 BDT" name="Login Into SQLi" finished-at="2022-09-13T19:43:09 BDT" duration-ms="22516">
      <class name="loginFunctionality.TC005SQLITest">
        <test-method is-config="true" signature="setup()[pri:0, instance:loginFunctionality.TC005SQLITest@1b6e1eff]" started-at="2022-09-13T19:42:46 BDT" name="setup" finished-at="2022-09-13T19:42:58 BDT" duration-ms="11567" status="PASS">
          <reporter-output>
          </reporter-output>
        </test-method> <!-- setup -->
        <test-method signature="SQLi_Test()[pri:0, instance:loginFunctionality.TC005SQLITest@1b6e1eff]" started-at="2022-09-13T19:42:58 BDT" name="SQLi_Test" finished-at="2022-09-13T19:43:09 BDT" duration-ms="10947" status="PASS">
          <reporter-output>
          </reporter-output>
        </test-method> <!-- SQLi_Test -->
        <test-method is-config="true" signature="teardown()[pri:0, instance:loginFunctionality.TC005SQLITest@1b6e1eff]" started-at="2022-09-13T19:43:09 BDT" name="teardown" finished-at="2022-09-13T19:43:09 BDT" duration-ms="0" status="PASS">
          <reporter-output>
          </reporter-output>
        </test-method> <!-- teardown -->
      </class> <!-- loginFunctionality.TC005SQLITest -->
    </test> <!-- Login Into SQLi -->
  </suite> <!-- Login Functionality -->
</testng-results>
